<?xml version="1.0" encoding="UTF-8"?>
<!-- Generated by org.testng.reporters.JUnitReportReporter -->
<testsuite hostname="Admin" failures="0" tests="1" name="mavenGit.Hello" time="0.016" errors="0" timestamp="2023-07-21T12:27:33 IST" skipped="0">
  <testcase classname="mavenGit.Hello" name="firstMethod" time="0.016">
    <system-out>
      <![CDATA[Hello]]>
    </system-out>
  </testcase> <!-- firstMethod -->
  <system-out>
    <![CDATA[Hello]]>
  </system-out>
</testsuite> <!-- mavenGit.Hello -->
